<?xml version="1.0" encoding="UTF-8"?>
<testng-results ignored="0" total="2" passed="2" failed="0" skipped="0">
  <reporter-output>
  </reporter-output>
  <suite started-at="2026-01-28T15:59:51 IST" name="Suite" finished-at="2026-01-28T16:00:09 IST" duration-ms="17147">
    <groups>
    </groups>
    <test started-at="2026-01-28T15:59:51 IST" name="Test" finished-at="2026-01-28T16:00:09 IST" duration-ms="17147">
      <class name="com.qa.testscript.Launch_Browser">
        <test-method is-config="true" signature="SetUp()[pri:0, instance:com.qa.testscript.Launch_Browser@77c2494c]" started-at="2026-01-28T15:59:51 IST" name="SetUp" finished-at="2026-01-28T15:59:56 IST" duration-ms="4496" status="PASS">
          <reporter-output>
          </reporter-output>
        </test-method> <!-- SetUp -->
        <test-method signature="QST_LaunchBrowser()[pri:1, instance:com.qa.testscript.Launch_Browser@77c2494c]" started-at="2026-01-28T15:59:56 IST" name="QST_LaunchBrowser" finished-at="2026-01-28T16:00:01 IST" duration-ms="4980" status="PASS">
          <reporter-output>
          </reporter-output>
        </test-method> <!-- QST_LaunchBrowser -->
        <test-method signature="Search()[pri:2, instance:com.qa.testscript.Launch_Browser@77c2494c]" started-at="2026-01-28T16:00:01 IST" name="Search" finished-at="2026-01-28T16:00:08 IST" duration-ms="7286" status="PASS">
          <reporter-output>
          </reporter-output>
        </test-method> <!-- Search -->
        <test-method is-config="true" signature="tearDown()[pri:0, instance:com.qa.testscript.Launch_Browser@77c2494c]" started-at="2026-01-28T16:00:08 IST" name="tearDown" finished-at="2026-01-28T16:00:09 IST" duration-ms="293" status="PASS">
          <reporter-output>
          </reporter-output>
        </test-method> <!-- tearDown -->
      </class> <!-- com.qa.testscript.Launch_Browser -->
    </test> <!-- Test -->
  </suite> <!-- Suite -->
</testng-results>
