<?xml version="1.0" encoding="UTF-8"?>
<!-- Generated by org.testng.reporters.JUnitReportReporter -->
<testsuite hostname="DESKTOP-UCU1O43" failures="0" tests="2" name="com.qa.testscript.Launch_Browser" time="12.266" errors="0" timestamp="2026-01-28T16:00:09 IST" skipped="0">
  <testcase classname="com.qa.testscript.Launch_Browser" name="QST_LaunchBrowser" time="4.980"/>
  <testcase classname="com.qa.testscript.Launch_Browser" name="Search" time="7.286"/>
</testsuite> <!-- com.qa.testscript.Launch_Browser -->
